topanimestream/manifest-merger-release-report.txt
-- Merging decision tree log ---
manifest
ADDED from AndroidManifest.xml:2:1
	xmlns:android
		ADDED from AndroidManifest.xml:2:11
	package
		ADDED from AndroidManifest.xml:3:5
		INJECTED from AndroidManifest.xml:0:0
		INJECTED from AndroidManifest.xml:0:0
	android:versionName
		ADDED from AndroidManifest.xml:5:5
	android:versionCode
		ADDED from AndroidManifest.xml:4:5
		INJECTED from AndroidManifest.xml:0:0
		INJECTED from AndroidManifest.xml:0:0
uses-permission#android.permission.READ_EXTERNAL_STORAGE
ADDED from AndroidManifest.xml:7:5
	android:name
		ADDED from AndroidManifest.xml:7:22
uses-permission#android.permission.WRITE_EXTERNAL_STORAGE
ADDED from AndroidManifest.xml:8:5
	android:name
		ADDED from AndroidManifest.xml:8:22
uses-permission#android.permission.INTERNET
ADDED from AndroidManifest.xml:9:5
	android:name
		ADDED from AndroidManifest.xml:9:22
uses-permission#android.permission.ACCESS_NETWORK_STATE
ADDED from AndroidManifest.xml:10:5
	android:name
		ADDED from AndroidManifest.xml:10:22
uses-permission#android.permission.READ_PHONE_STATE
ADDED from AndroidManifest.xml:11:5
	android:name
		ADDED from AndroidManifest.xml:11:22
uses-sdk
ADDED from AndroidManifest.xml:13:5
MERGED from topanimestream:librarytabstrip:unspecified:7:5
MERGED from com.android.support:support-v4:20.0.0:16:5
MERGED from topanimestream:imageloaderlibrary:unspecified:7:5
MERGED from topanimestream:CastCompanionLibrary-android-master:unspecified:release:7:5
MERGED from com.android.support:appcompat-v7:20.0.0:16:5
MERGED from com.android.support:support-v4:20.0.0:16:5
MERGED from com.android.support:mediarouter-v7:20.0.0:16:5
MERGED from com.android.support:appcompat-v7:20.0.0:16:5
MERGED from com.android.support:support-v4:20.0.0:16:5
MERGED from com.google.android.gms:play-services:5.2.08:15:5
MERGED from com.android.support:support-v4:20.0.0:16:5
MERGED from com.android.support:support-v4:20.0.0:16:5
MERGED from com.android.support:appcompat-v7:20.0.0:16:5
MERGED from com.android.support:support-v4:20.0.0:16:5
MERGED from com.android.support:mediarouter-v7:20.0.0:16:5
MERGED from com.android.support:appcompat-v7:20.0.0:16:5
MERGED from com.android.support:support-v4:20.0.0:16:5
MERGED from com.google.android.gms:play-services:5.2.08:15:5
MERGED from com.android.support:support-v4:20.0.0:16:5
	android:targetSdkVersion
		ADDED from AndroidManifest.xml:15:9
		INJECTED from AndroidManifest.xml:0:0
		INJECTED from AndroidManifest.xml:0:0
	android:minSdkVersion
		ADDED from AndroidManifest.xml:14:9
		INJECTED from AndroidManifest.xml:0:0
		INJECTED from AndroidManifest.xml:0:0
application
ADDED from AndroidManifest.xml:17:5
MERGED from com.android.support:support-v4:20.0.0:17:5
MERGED from topanimestream:CastCompanionLibrary-android-master:unspecified:release:11:5
MERGED from com.android.support:appcompat-v7:20.0.0:17:5
MERGED from com.android.support:support-v4:20.0.0:17:5
MERGED from com.android.support:mediarouter-v7:20.0.0:17:5
MERGED from com.android.support:appcompat-v7:20.0.0:17:5
MERGED from com.android.support:support-v4:20.0.0:17:5
MERGED from com.google.android.gms:play-services:5.2.08:16:5
MERGED from com.android.support:support-v4:20.0.0:17:5
MERGED from com.android.support:support-v4:20.0.0:17:5
MERGED from com.android.support:appcompat-v7:20.0.0:17:5
MERGED from com.android.support:support-v4:20.0.0:17:5
MERGED from com.android.support:mediarouter-v7:20.0.0:17:5
MERGED from com.android.support:appcompat-v7:20.0.0:17:5
MERGED from com.android.support:support-v4:20.0.0:17:5
MERGED from com.google.android.gms:play-services:5.2.08:16:5
MERGED from com.android.support:support-v4:20.0.0:17:5
	android:label
		ADDED from AndroidManifest.xml:21:9
	android:allowBackup
		ADDED from AndroidManifest.xml:19:9
	android:icon
		ADDED from AndroidManifest.xml:20:9
	android:theme
		ADDED from AndroidManifest.xml:23:9
	android:largeHeap
		ADDED from AndroidManifest.xml:22:9
	android:name
		ADDED from AndroidManifest.xml:18:9
provider#com.topanimestream.Utilities.SuggestionProvider
ADDED from AndroidManifest.xml:24:9
	android:authorities
		ADDED from AndroidManifest.xml:26:13
	android:name
		ADDED from AndroidManifest.xml:25:13
receiver#com.topanimestream.Utilities.NetworkChangeReceiver
ADDED from AndroidManifest.xml:28:9
	android:label
		ADDED from AndroidManifest.xml:30:13
	android:name
		ADDED from AndroidManifest.xml:29:13
intent-filter#android.net.conn.CONNECTIVITY_CHANGE+android.net.wifi.WIFI_STATE_CHANGED
ADDED from AndroidManifest.xml:31:13
action#android.net.conn.CONNECTIVITY_CHANGE
ADDED from AndroidManifest.xml:32:17
	android:name
		ADDED from AndroidManifest.xml:32:25
action#android.net.wifi.WIFI_STATE_CHANGED
ADDED from AndroidManifest.xml:33:17
	android:name
		ADDED from AndroidManifest.xml:33:25
activity#com.topanimestream.views.MainActivity
ADDED from AndroidManifest.xml:37:9
	android:configChanges
		ADDED from AndroidManifest.xml:39:13
	android:name
		ADDED from AndroidManifest.xml:38:13
meta-data#android.app.default_searchable
ADDED from AndroidManifest.xml:40:13
	android:name
		ADDED from AndroidManifest.xml:41:17
	android:value
		ADDED from AndroidManifest.xml:42:17
intent-filter#android.intent.action.MAIN+android.intent.category.LAUNCHER
ADDED from AndroidManifest.xml:44:13
action#android.intent.action.MAIN
ADDED from AndroidManifest.xml:45:17
	android:name
		ADDED from AndroidManifest.xml:45:25
category#android.intent.category.LAUNCHER
ADDED from AndroidManifest.xml:47:17
	android:name
		ADDED from AndroidManifest.xml:47:27
activity#com.topanimestream.views.Settings
ADDED from AndroidManifest.xml:50:9
	android:label
		ADDED from AndroidManifest.xml:53:13
	android:configChanges
		ADDED from AndroidManifest.xml:52:13
	android:name
		ADDED from AndroidManifest.xml:51:13
activity#com.topanimestream.views.FavoriteActivity
ADDED from AndroidManifest.xml:55:9
	android:label
		ADDED from AndroidManifest.xml:58:13
	android:configChanges
		ADDED from AndroidManifest.xml:57:13
	android:name
		ADDED from AndroidManifest.xml:56:13
activity#com.topanimestream.views.EpisodeDetailsActivity
ADDED from AndroidManifest.xml:60:9
	android:label
		ADDED from AndroidManifest.xml:64:13
	android:configChanges
		ADDED from AndroidManifest.xml:63:13
	android:theme
		ADDED from AndroidManifest.xml:62:13
	android:name
		ADDED from AndroidManifest.xml:61:13
activity#com.topanimestream.views.HistoryActivity
ADDED from AndroidManifest.xml:66:9
	android:label
		ADDED from AndroidManifest.xml:69:13
	android:configChanges
		ADDED from AndroidManifest.xml:68:13
	android:name
		ADDED from AndroidManifest.xml:67:13
activity#com.topanimestream.views.AnimeSearchActivity
ADDED from AndroidManifest.xml:71:9
	android:label
		ADDED from AndroidManifest.xml:74:13
	android:configChanges
		ADDED from AndroidManifest.xml:73:13
	android:name
		ADDED from AndroidManifest.xml:72:13
	android:launchMode
		ADDED from AndroidManifest.xml:75:13
intent-filter#android.intent.action.SEARCH
ADDED from AndroidManifest.xml:76:13
action#android.intent.action.SEARCH
ADDED from AndroidManifest.xml:77:17
	android:name
		ADDED from AndroidManifest.xml:77:25
meta-data#android.app.searchable
ADDED from AndroidManifest.xml:83:13
	android:resource
		ADDED from AndroidManifest.xml:85:17
	android:name
		ADDED from AndroidManifest.xml:84:17
activity#com.topanimestream.views.AnimeDetailsActivity
ADDED from AndroidManifest.xml:87:9
	android:configChanges
		ADDED from AndroidManifest.xml:89:13
	android:name
		ADDED from AndroidManifest.xml:88:13
activity#com.google.sample.castcompanionlibrary.cast.player.VideoCastControllerActivity
ADDED from AndroidManifest.xml:91:9
	android:screenOrientation
		ADDED from AndroidManifest.xml:95:13
	android:label
		ADDED from AndroidManifest.xml:93:13
	android:name
		ADDED from AndroidManifest.xml:92:13
	android:launchMode
		ADDED from AndroidManifest.xml:94:13
meta-data#android.support.PARENT_ACTIVITY
ADDED from AndroidManifest.xml:96:13
	android:name
		ADDED from AndroidManifest.xml:97:17
	android:value
		ADDED from AndroidManifest.xml:98:17
intent-filter#android.intent.action.MAIN
ADDED from AndroidManifest.xml:100:13
meta-data#com.google.android.gms.version
ADDED from AndroidManifest.xml:105:9
	android:name
		ADDED from AndroidManifest.xml:106:13
	android:value
		ADDED from AndroidManifest.xml:107:13
activity#com.topanimestream.views.profile.LoginActivity
ADDED from AndroidManifest.xml:109:9
	android:windowSoftInputMode
		ADDED from AndroidManifest.xml:113:13
	android:label
		ADDED from AndroidManifest.xml:112:13
	android:name
		ADDED from AndroidManifest.xml:110:13
	android:launchMode
		ADDED from AndroidManifest.xml:111:13
meta-data#com.fwwjt.pacjz173199.APPID
ADDED from AndroidManifest.xml:116:9
	android:name
		ADDED from AndroidManifest.xml:117:13
	android:value
		ADDED from AndroidManifest.xml:118:13
meta-data#com.fwwjt.pacjz173199.APIKEY
ADDED from AndroidManifest.xml:119:9
	android:name
		ADDED from AndroidManifest.xml:120:13
	android:value
		ADDED from AndroidManifest.xml:121:13
activity#com.fwwjt.pacjz173199.MainActivity
ADDED from AndroidManifest.xml:123:9
	android:configChanges
		ADDED from AndroidManifest.xml:125:13
	android:theme
		ADDED from AndroidManifest.xml:127:13
	android:exported
		ADDED from AndroidManifest.xml:126:13
	android:name
		ADDED from AndroidManifest.xml:124:13
activity#com.fwwjt.pacjz173199.BrowserActivity
ADDED from AndroidManifest.xml:128:9
	android:configChanges
		ADDED from AndroidManifest.xml:130:13
	android:name
		ADDED from AndroidManifest.xml:129:13
activity#com.fwwjt.pacjz173199.VDActivity
ADDED from AndroidManifest.xml:131:9
	android:screenOrientation
		ADDED from AndroidManifest.xml:134:13
	android:configChanges
		ADDED from AndroidManifest.xml:133:13
	android:theme
		ADDED from AndroidManifest.xml:135:13
	android:name
		ADDED from AndroidManifest.xml:132:13
activity#com.topanimestream.views.VideoActivity
ADDED from AndroidManifest.xml:137:9
	android:label
		ADDED from AndroidManifest.xml:140:13
	android:configChanges
		ADDED from AndroidManifest.xml:139:13
	android:theme
		ADDED from AndroidManifest.xml:141:13
	android:name
		ADDED from AndroidManifest.xml:138:13